.
.hotspot_compiler
.hotspotrc
/etc/group
/etc/ld.so.cache
/etc/ld.so.preload
/etc/localtime
/etc/nsswitch.conf
/etc/passwd
/etc/passwd
/home/ria/sail
/lib/jvm/java-11-openjdk-amd64//bin/java
/lib/x86_64-linux-gnu/libc.so.6
/lib/x86_64-linux-gnu/libdl.so.2
/lib/x86_64-linux-gnu/libgcc_s.so.1
/lib/x86_64-linux-gnu/libm.so.6
/lib/x86_64-linux-gnu/libnss_files.so.2
/lib/x86_64-linux-gnu/libpthread.so.0
/lib/x86_64-linux-gnu/librt.so.1
/lib/x86_64-linux-gnu/libstdc++.so.6
/lib/x86_64-linux-gnu/libz.so.1
/opt
/opt/tomcat
/opt/tomcat/bin
/opt/tomcat/bin/bootstrap.jar
/opt/tomcat/bin/tomcat-juli.jar
/tmp/.java_pid9268
/tmp/hsperfdata_ria
/tmp/hsperfdata_ria/9268
/usr
/usr/lib
/usr/lib/jvm
/usr/lib/jvm/java-11-openjdk-amd64
/usr/lib/jvm/java-11-openjdk-amd64/bin/../lib
/usr/lib/jvm/java-11-openjdk-amd64/bin/../lib/haswell
/usr/lib/jvm/java-11-openjdk-amd64/bin/../lib/haswell/libc.so.6
/usr/lib/jvm/java-11-openjdk-amd64/bin/../lib/haswell/x86_64
/usr/lib/jvm/java-11-openjdk-amd64/bin/../lib/haswell/x86_64/libc.so.6
/usr/lib/jvm/java-11-openjdk-amd64/bin/../lib/jli/..
/usr/lib/jvm/java-11-openjdk-amd64/bin/../lib/jli/../haswell
/usr/lib/jvm/java-11-openjdk-amd64/bin/../lib/jli/../haswell/libz.so.1
/usr/lib/jvm/java-11-openjdk-amd64/bin/../lib/jli/../haswell/x86_64
/usr/lib/jvm/java-11-openjdk-amd64/bin/../lib/jli/../haswell/x86_64/libz.so.1
/usr/lib/jvm/java-11-openjdk-amd64/bin/../lib/jli/../libdl.so.2
/usr/lib/jvm/java-11-openjdk-amd64/bin/../lib/jli/../libpthread.so.0
/usr/lib/jvm/java-11-openjdk-amd64/bin/../lib/jli/../libz.so.1
/usr/lib/jvm/java-11-openjdk-amd64/bin/../lib/jli/../tls
/usr/lib/jvm/java-11-openjdk-amd64/bin/../lib/jli/../tls/haswell
/usr/lib/jvm/java-11-openjdk-amd64/bin/../lib/jli/../tls/haswell/libz.so.1
/usr/lib/jvm/java-11-openjdk-amd64/bin/../lib/jli/../tls/haswell/x86_64
/usr/lib/jvm/java-11-openjdk-amd64/bin/../lib/jli/../tls/haswell/x86_64/libz.so.1
/usr/lib/jvm/java-11-openjdk-amd64/bin/../lib/jli/../tls/libz.so.1
/usr/lib/jvm/java-11-openjdk-amd64/bin/../lib/jli/../tls/x86_64
/usr/lib/jvm/java-11-openjdk-amd64/bin/../lib/jli/../tls/x86_64/libz.so.1
/usr/lib/jvm/java-11-openjdk-amd64/bin/../lib/jli/../x86_64
/usr/lib/jvm/java-11-openjdk-amd64/bin/../lib/jli/../x86_64/libz.so.1
/usr/lib/jvm/java-11-openjdk-amd64/bin/../lib/jli/haswell
/usr/lib/jvm/java-11-openjdk-amd64/bin/../lib/jli/haswell/libjli.so
/usr/lib/jvm/java-11-openjdk-amd64/bin/../lib/jli/haswell/x86_64
/usr/lib/jvm/java-11-openjdk-amd64/bin/../lib/jli/haswell/x86_64/libjli.so
/usr/lib/jvm/java-11-openjdk-amd64/bin/../lib/jli/libc.so.6
/usr/lib/jvm/java-11-openjdk-amd64/bin/../lib/jli/libdl.so.2
/usr/lib/jvm/java-11-openjdk-amd64/bin/../lib/jli/libjli.so
/usr/lib/jvm/java-11-openjdk-amd64/bin/../lib/jli/libpthread.so.0
/usr/lib/jvm/java-11-openjdk-amd64/bin/../lib/jli/libz.so.1
/usr/lib/jvm/java-11-openjdk-amd64/bin/../lib/jli/tls
/usr/lib/jvm/java-11-openjdk-amd64/bin/../lib/jli/tls/haswell
/usr/lib/jvm/java-11-openjdk-amd64/bin/../lib/jli/tls/haswell/libjli.so
/usr/lib/jvm/java-11-openjdk-amd64/bin/../lib/jli/tls/haswell/x86_64
/usr/lib/jvm/java-11-openjdk-amd64/bin/../lib/jli/tls/haswell/x86_64/libjli.so
/usr/lib/jvm/java-11-openjdk-amd64/bin/../lib/jli/tls/libjli.so
/usr/lib/jvm/java-11-openjdk-amd64/bin/../lib/jli/tls/x86_64
/usr/lib/jvm/java-11-openjdk-amd64/bin/../lib/jli/tls/x86_64/libjli.so
/usr/lib/jvm/java-11-openjdk-amd64/bin/../lib/jli/x86_64
/usr/lib/jvm/java-11-openjdk-amd64/bin/../lib/jli/x86_64/libjli.so
/usr/lib/jvm/java-11-openjdk-amd64/bin/../lib/libc.so.6
/usr/lib/jvm/java-11-openjdk-amd64/bin/../lib/tls
/usr/lib/jvm/java-11-openjdk-amd64/bin/../lib/tls/haswell
/usr/lib/jvm/java-11-openjdk-amd64/bin/../lib/tls/haswell/libc.so.6
/usr/lib/jvm/java-11-openjdk-amd64/bin/../lib/tls/haswell/x86_64
/usr/lib/jvm/java-11-openjdk-amd64/bin/../lib/tls/haswell/x86_64/libc.so.6
/usr/lib/jvm/java-11-openjdk-amd64/bin/../lib/tls/libc.so.6
/usr/lib/jvm/java-11-openjdk-amd64/bin/../lib/tls/x86_64
/usr/lib/jvm/java-11-openjdk-amd64/bin/../lib/tls/x86_64/libc.so.6
/usr/lib/jvm/java-11-openjdk-amd64/bin/../lib/x86_64
/usr/lib/jvm/java-11-openjdk-amd64/bin/../lib/x86_64/libc.so.6
/usr/lib/jvm/java-11-openjdk-amd64/conf/security/java.security
/usr/lib/jvm/java-11-openjdk-amd64/lib
/usr/lib/jvm/java-11-openjdk-amd64/lib/endorsed
/usr/lib/jvm/java-11-openjdk-amd64/lib/ext
/usr/lib/jvm/java-11-openjdk-amd64/lib/haswell
/usr/lib/jvm/java-11-openjdk-amd64/lib/haswell/libnet.so
/usr/lib/jvm/java-11-openjdk-amd64/lib/haswell/x86_64
/usr/lib/jvm/java-11-openjdk-amd64/lib/haswell/x86_64/libnet.so
/usr/lib/jvm/java-11-openjdk-amd64/lib/jvm.cfg
/usr/lib/jvm/java-11-openjdk-amd64/lib/libjava.so
/usr/lib/jvm/java-11-openjdk-amd64/lib/libjimage.so
/usr/lib/jvm/java-11-openjdk-amd64/lib/libnet.so
/usr/lib/jvm/java-11-openjdk-amd64/lib/libnio.so
/usr/lib/jvm/java-11-openjdk-amd64/lib/libverify.so
/usr/lib/jvm/java-11-openjdk-amd64/lib/libzip.so
/usr/lib/jvm/java-11-openjdk-amd64/lib/modules
/usr/lib/jvm/java-11-openjdk-amd64/lib/server
/usr/lib/jvm/java-11-openjdk-amd64/lib/server/classes.jsa
/usr/lib/jvm/java-11-openjdk-amd64/lib/server/libjvm.so
/usr/lib/jvm/java-11-openjdk-amd64/lib/tls
/usr/lib/jvm/java-11-openjdk-amd64/lib/tls/haswell
/usr/lib/jvm/java-11-openjdk-amd64/lib/tls/haswell/libnet.so
/usr/lib/jvm/java-11-openjdk-amd64/lib/tls/haswell/x86_64
/usr/lib/jvm/java-11-openjdk-amd64/lib/tls/haswell/x86_64/libnet.so
/usr/lib/jvm/java-11-openjdk-amd64/lib/tls/libnet.so
/usr/lib/jvm/java-11-openjdk-amd64/lib/tls/x86_64
/usr/lib/jvm/java-11-openjdk-amd64/lib/tls/x86_64/libnet.so
/usr/lib/jvm/java-11-openjdk-amd64/lib/x86_64
/usr/lib/jvm/java-11-openjdk-amd64/lib/x86_64/libnet.so
/usr/lib/locale/locale-archive
/usr/share
/usr/share/java
/usr/share/java/java-atk-wrapper.jar
9268
